<?xml version="1.0" encoding="UTF-8"?>
<!-- Generated by org.testng.reporters.JUnitReportReporter -->
<testsuite skipped="0" hostname="IQA_Rahul-K" name="REST.demo.AddBook_MultipleSet" tests="6" failures="0" timestamp="28 Feb 2020 11:15:00 GMT" time="3.170" errors="0">
  <testcase name="addBookSet" time="0.233" classname="REST.demo.AddBook_MultipleSet"/>
  <testcase name="deleteBook" time="0.173" classname="REST.demo.AddBook_MultipleSet"/>
  <testcase name="deleteBook" time="0.190" classname="REST.demo.AddBook_MultipleSet"/>
  <testcase name="addBookSet" time="1.931" classname="REST.demo.AddBook_MultipleSet"/>
  <testcase name="addBookSet" time="0.460" classname="REST.demo.AddBook_MultipleSet"/>
  <testcase name="deleteBook" time="0.183" classname="REST.demo.AddBook_MultipleSet"/>
</testsuite> <!-- REST.demo.AddBook_MultipleSet -->
