<?xml version="1.0" encoding="UTF-8"?>
<!-- Generated by org.testng.reporters.JUnitReportReporter -->
<testsuite skipped="0" hostname="IQA_Rahul-K" name="Demo.AddBook_MultipleSet" tests="6" failures="0" timestamp="28 Feb 2020 10:38:23 GMT" time="2.474" errors="0">
  <testcase name="addBookSet" time="0.134" classname="Demo.AddBook_MultipleSet"/>
  <testcase name="deleteBook" time="0.107" classname="Demo.AddBook_MultipleSet"/>
  <testcase name="addBookSet" time="0.153" classname="Demo.AddBook_MultipleSet"/>
  <testcase name="addBookSet" time="1.840" classname="Demo.AddBook_MultipleSet"/>
  <testcase name="deleteBook" time="0.118" classname="Demo.AddBook_MultipleSet"/>
  <testcase name="deleteBook" time="0.122" classname="Demo.AddBook_MultipleSet"/>
</testsuite> <!-- Demo.AddBook_MultipleSet -->
