<?xml version="1.0" encoding="UTF-8"?>
<!-- Generated by org.testng.reporters.JUnitReportReporter -->
<testsuite skipped="0" hostname="IQA_Rahul-K" name="REST.demo.SeleniumTest" tests="1" failures="0" timestamp="28 Feb 2020 05:26:07 GMT" time="0.008" errors="0">
  <testcase name="launchBrawser" time="0.008" classname="REST.demo.SeleniumTest"/>
</testsuite> <!-- REST.demo.SeleniumTest -->
