<?xml version="1.0" encoding="UTF-8"?>
<!-- Generated by org.testng.reporters.JUnitReportReporter -->
<testsuite skipped="0" hostname="IQA_Rahul-K" name="reqresTest.ModifyResponse" tests="1" failures="0" timestamp="22 Jun 2020 11:52:31 GMT" time="1.244" errors="0">
  <testcase name="createUserAndModifyRespose" time="1.244" classname="reqresTest.ModifyResponse"/>
</testsuite> <!-- reqresTest.ModifyResponse -->
