<?xml version="1.0" encoding="UTF-8"?>
<!-- Generated by org.testng.reporters.JUnitReportReporter -->
<testsuite skipped="0" hostname="IQA_Rahul-K" name="REST.demo.RestTest" tests="1" failures="0" timestamp="03 Mar 2020 06:09:35 GMT" time="0.001" errors="0">
  <testcase name="API" time="0.001" classname="REST.demo.RestTest"/>
</testsuite> <!-- REST.demo.RestTest -->
