<?xml version="1.0" encoding="UTF-8"?>
<!-- Generated by org.testng.reporters.JUnitReportReporter -->
<testsuite skipped="0" hostname="IQA_Rahul-K" name="reqresTest.AddBook_MultipleSet" tests="3" failures="0" timestamp="20 Jun 2020 08:04:19 GMT" time="3.530" errors="0">
  <testcase name="login" time="2.605" classname="reqresTest.AddBook_MultipleSet"/>
  <testcase name="reqResTest" time="0.000" classname="reqresTest.AddBook_MultipleSet"/>
  <testcase name="registerUser" time="0.925" classname="reqresTest.AddBook_MultipleSet"/>
</testsuite> <!-- reqresTest.AddBook_MultipleSet -->
