<?xml version="1.0" encoding="UTF-8"?>
<!-- Generated by org.testng.reporters.JUnitReportReporter -->
<testsuite skipped="0" hostname="IQA_Rahul-K" name="REST.demo.REST" tests="1" failures="0" timestamp="28 Feb 2020 05:18:39 GMT" time="0.010" errors="0">
  <testcase name="API" time="0.010" classname="REST.demo.REST"/>
</testsuite> <!-- REST.demo.REST -->
