<?xml version="1.0" encoding="UTF-8"?>
<!-- Generated by org.testng.reporters.JUnitReportReporter -->
<testsuite skipped="0" hostname="IQA_Rahul-K" name="reqresTest.DeleteUser" tests="1" failures="0" timestamp="22 Jun 2020 11:52:31 GMT" time="1.002" errors="0">
  <testcase name="deleteUser" time="1.002" classname="reqresTest.DeleteUser"/>
</testsuite> <!-- reqresTest.DeleteUser -->
