<?xml version="1.0" encoding="UTF-8"?>
<!-- Generated by org.testng.reporters.JUnitReportReporter -->
<testsuite skipped="0" hostname="IQA_Rahul-K" name="basicAPI.AddBook_MultipleSet" tests="7" failures="0" timestamp="03 Mar 2020 06:09:35 GMT" time="3.563" errors="0">
  <testcase name="deleteBook" time="0.285" classname="basicAPI.AddBook_MultipleSet"/>
  <testcase name="deleteBook" time="0.258" classname="basicAPI.AddBook_MultipleSet"/>
  <testcase name="deleteBook" time="0.223" classname="basicAPI.AddBook_MultipleSet"/>
  <testcase name="addBookSet" time="2.150" classname="basicAPI.AddBook_MultipleSet"/>
  <testcase name="addBookSet" time="0.348" classname="basicAPI.AddBook_MultipleSet"/>
  <testcase name="BookTest" time="0.001" classname="basicAPI.AddBook_MultipleSet"/>
  <testcase name="addBookSet" time="0.298" classname="basicAPI.AddBook_MultipleSet"/>
</testsuite> <!-- basicAPI.AddBook_MultipleSet -->
