<?xml version="1.0" encoding="UTF-8"?>
<!-- Generated by org.testng.reporters.JUnitReportReporter -->
<testsuite skipped="0" hostname="IQA_Rahul-K" name="reqresTest.RegisterUserAndLoginTest" tests="2" failures="0" timestamp="22 Jun 2020 11:52:31 GMT" time="1.970" errors="0">
  <testcase name="login" time="1.019" classname="reqresTest.RegisterUserAndLoginTest"/>
  <testcase name="registerUser" time="0.951" classname="reqresTest.RegisterUserAndLoginTest"/>
</testsuite> <!-- reqresTest.RegisterUserAndLoginTest -->
