<?xml version="1.0" encoding="UTF-8"?>
<!-- Generated by org.testng.reporters.JUnitReportReporter -->
<testsuite skipped="0" hostname="IQA_Rahul-K" name="basicAPI.Basic_POST" tests="1" failures="0" timestamp="03 Mar 2020 06:21:06 GMT" time="1.958" errors="0">
  <testcase name="POST_Data" time="1.958" classname="basicAPI.Basic_POST"/>
</testsuite> <!-- basicAPI.Basic_POST -->
