<?xml version="1.0" encoding="UTF-8"?>
<!-- Generated by org.testng.reporters.JUnitReportReporter -->
<testsuite skipped="0" hostname="IQA_Rahul-K" name="REST.demo.SeleniumTes" tests="1" failures="0" timestamp="03 Mar 2020 06:12:21 GMT" time="0.005" errors="0">
  <testcase name="launchBrawser" time="0.005" classname="REST.demo.SeleniumTes"/>
</testsuite> <!-- REST.demo.SeleniumTes -->
