<?xml version="1.0" encoding="UTF-8"?>
<!-- Generated by org.testng.reporters.JUnitReportReporter -->
<testsuite skipped="0" hostname="IQA_Rahul-K" name="basicAPI.Basic_Post_Delete" tests="1" failures="0" timestamp="03 Mar 2020 06:19:41 GMT" time="2.144" errors="0">
  <testcase name="Add_And_Delete_Place" time="2.144" classname="basicAPI.Basic_Post_Delete"/>
</testsuite> <!-- basicAPI.Basic_Post_Delete -->
