<?xml version="1.0" encoding="UTF-8"?>
<!-- Generated by org.testng.reporters.JUnitReportReporter -->
<testsuite skipped="0" hostname="IQA_Rahul-K" name="basicAPI.AddBook_MultipleSet" tests="7" failures="0" timestamp="03 Mar 2020 06:12:21 GMT" time="2.650" errors="0">
  <testcase name="addBookSet" time="1.943" classname="basicAPI.AddBook_MultipleSet"/>
  <testcase name="addBookSet" time="0.161" classname="basicAPI.AddBook_MultipleSet"/>
  <testcase name="deleteBook" time="0.116" classname="basicAPI.AddBook_MultipleSet"/>
  <testcase name="BookTest" time="0.000" classname="basicAPI.AddBook_MultipleSet"/>
  <testcase name="addBookSet" time="0.180" classname="basicAPI.AddBook_MultipleSet"/>
  <testcase name="deleteBook" time="0.122" classname="basicAPI.AddBook_MultipleSet"/>
  <testcase name="deleteBook" time="0.128" classname="basicAPI.AddBook_MultipleSet"/>
</testsuite> <!-- basicAPI.AddBook_MultipleSet -->
